[debug] > Exec(early(addDefaultCommands), None, None)
[debug] > Exec(addDefaultCommands, None, None)
[debug] > Exec(early(initialize), None, None)
[debug] > Exec(initialize, None, None)
[debug] > Exec(early(addPluginSbtFile="""C:\Users\isv4\AppData\Local\Temp\idea.sbt"""), None, None)
[debug] > Exec(addPluginSbtFile="""C:\Users\isv4\AppData\Local\Temp\idea.sbt""", None, None)
[debug] > Exec(boot, None, None)
[debug] > Exec(writeSbtVersion, None, None)
[debug] > Exec(reload, None, None)
[debug] > Exec(sbtStashOnFailure, None, None)
[debug] > Exec(onFailure loadFailed, None, None)
[debug] > Exec(loadp, None, None)
[info] welcome to sbt 1.6.2 (Oracle Corporation Java 17.0.13)
[debug]       Load.loadUnit: plugins took 166.7622ms
[debug]       Load.loadUnit: defsScala took 0.4467ms
[debug] [Loading] Scanning directory C:\Users\isv4\.sbt\1.0\plugins
[debug] [Loading] Found non-root projects 
[debug] [Loading] Done in C:\Users\isv4\.sbt\1.0\plugins, returning: ()
[debug] deducing auto plugins based on known facts Set(Atom(sbt.plugins.CorePlugin)) and clauses Clauses(Clause(Atom(sbt.plugins.JvmPlugin),Set(Atom(sbt.plugins.IvyPlugin)))
[debug] Clause(Atom(sbt.ScriptedPlugin),Set(Atom(sbt.plugins.JvmPlugin)))
[debug] Clause(Atom(sbt.plugins.SbtPlugin),Set(Atom(sbt.ScriptedPlugin)))
[debug] Clause(Atom(sbt.plugins.SemanticdbPlugin),Set(Atom(sbt.plugins.JvmPlugin)))
[debug] Clause(Atom(sbt.plugins.JUnitXmlReportPlugin),Set(Atom(sbt.plugins.JvmPlugin)))
[debug] Clause(Atom(sbt.plugins.MiniDependencyTreePlugin),Set(Atom(sbt.plugins.JvmPlugin)))
[debug] Clause(Atom(sbt.plugins.CorePlugin),Set(Atom(sbt.plugins.IvyPlugin)))
[debug] Clause(Atom(sbt.plugins.IvyPlugin),Set(Atom(sbt.plugins.JvmPlugin)))
[debug] Clause(Atom(sbt.plugins.JvmPlugin),Set(Atom(sbt.plugins.SemanticdbPlugin)))
[debug] Clause(Atom(sbt.plugins.JvmPlugin),Set(Atom(sbt.plugins.JUnitXmlReportPlugin)))
[debug] Clause(Atom(sbt.plugins.CorePlugin),Set(Atom(sbt.plugins.Giter8TemplatePlugin)))
[debug] Clause(Atom(sbt.plugins.JvmPlugin),Set(Atom(sbt.plugins.MiniDependencyTreePlugin))))
[debug]   :: deduced result: Matched(sbt.plugins.CorePlugin,sbt.plugins.Giter8TemplatePlugin,sbt.plugins.IvyPlugin,sbt.plugins.JvmPlugin,sbt.plugins.MiniDependencyTreePlugin,sbt.plugins.JUnitXmlReportPlugin,sbt.plugins.SemanticdbPlugin)
[debug] Plugins.deducer#function took 49.1347 ms
[debug]           Load.resolveProject(global-plugins) took 61.2185ms
[debug]         Load.loadTransitive: finalizeProject(Project(id global-plugins, base: C:\Users\isv4\.sbt\1.0\plugins, plugins: List(<none>))) took 136.4345ms
[debug] [Loading] Done in C:\Users\isv4\.sbt\1.0\plugins, returning: (global-plugins)
[debug]       Load.loadUnit: loadedProjectsRaw took 163.3758ms
[debug]       Load.loadUnit: cleanEvalClasses took 0.2803ms
[debug]     Load.loadUnit(file:/C:/Users/isv4/.sbt/1.0/plugins/, ...) took 347.6669ms
[debug]   Load.apply: load took 748.629ms
[debug]   Load.apply: resolveProjects took 7.501ms
[debug]   Load.apply: finalTransforms took 206.7433ms
[debug]   Load.apply: config.delegates took 78.7752ms
[debug]   Load.apply: Def.make(settings)... took 2980.901ms
[debug]   Load.apply: structureIndex took 586.1551ms
[debug]   Load.apply: mkStreams took 23.4639ms
[info] loading global plugins from C:\Users\isv4\.sbt\1.0\plugins
[debug] Running task... Cancel: Signal, check cycles: false, forcegc: true
[debug] Load.defaultLoad until apply took 12005.7561ms
[debug]           Load.loadUnit: plugins took 50.3043ms
[debug]           Load.loadUnit: defsScala took 0.0072ms
[debug] [Loading] Scanning directory C:\Users\isv4\Documents\24-25\ECE 557\cs557-lab2\project
[debug]             Load.loadUnit: mkEval took 16.0242ms
[debug] [Loading] Found non-root projects 
[debug] [Loading] Done in C:\Users\isv4\Documents\24-25\ECE 557\cs557-lab2\project, returning: ()
[debug] deducing auto plugins based on known facts Set(Atom(sbt.plugins.CorePlugin)) and clauses Clauses(Clause(Atom(sbt.plugins.JvmPlugin),Set(Atom(sbt.plugins.IvyPlugin)))
[debug] Clause(Atom(sbt.ScriptedPlugin),Set(Atom(sbt.plugins.JvmPlugin)))
[debug] Clause(Atom(sbt.plugins.SbtPlugin),Set(Atom(sbt.ScriptedPlugin)))
[debug] Clause(Atom(sbt.plugins.SemanticdbPlugin),Set(Atom(sbt.plugins.JvmPlugin)))
[debug] Clause(Atom(sbt.plugins.JUnitXmlReportPlugin),Set(Atom(sbt.plugins.JvmPlugin)))
[debug] Clause(Atom(sbt.plugins.MiniDependencyTreePlugin),Set(Atom(sbt.plugins.JvmPlugin)))
[debug] Clause(Atom(sbt.plugins.CorePlugin),Set(Atom(sbt.plugins.IvyPlugin)))
[debug] Clause(Atom(sbt.plugins.IvyPlugin),Set(Atom(sbt.plugins.JvmPlugin)))
[debug] Clause(Atom(sbt.plugins.JvmPlugin),Set(Atom(sbt.plugins.SemanticdbPlugin)))
[debug] Clause(Atom(sbt.plugins.JvmPlugin),Set(Atom(sbt.plugins.JUnitXmlReportPlugin)))
[debug] Clause(Atom(sbt.plugins.CorePlugin),Set(Atom(sbt.plugins.Giter8TemplatePlugin)))
[debug] Clause(Atom(sbt.plugins.JvmPlugin),Set(Atom(sbt.plugins.MiniDependencyTreePlugin))))
[debug]   :: deduced result: Matched(sbt.plugins.CorePlugin,sbt.plugins.Giter8TemplatePlugin,sbt.plugins.IvyPlugin,sbt.plugins.JvmPlugin,sbt.plugins.MiniDependencyTreePlugin,sbt.plugins.JUnitXmlReportPlugin,sbt.plugins.SemanticdbPlugin)
[debug] Plugins.deducer#function took 10.1534 ms
[info] loading settings for project cs557-lab2-build from idea.sbt ...
[debug]               Load.resolveProject(cs557-lab2-build) took 26.821ms
[debug]             Load.loadTransitive: finalizeProject(Project(id cs557-lab2-build, base: C:\Users\isv4\Documents\24-25\ECE 557\cs557-lab2\project, plugins: List(<none>))) took 39.412ms
[debug] [Loading] Done in C:\Users\isv4\Documents\24-25\ECE 557\cs557-lab2\project, returning: (cs557-lab2-build)
[debug]           Load.loadUnit: loadedProjectsRaw took 12161.257ms
[debug]           Load.loadUnit: cleanEvalClasses took 33.7352ms
[debug]         Load.loadUnit(file:/C:/Users/isv4/Documents/24-25/ECE%20557/cs557-lab2/project/, ...) took 12248.1766ms
[debug]       Load.apply: load took 12252.5365ms
[debug]       Load.apply: resolveProjects took 0.2062ms
[debug]       Load.apply: finalTransforms took 37.6268ms
[debug]       Load.apply: config.delegates took 7.0927ms
[debug]       Load.apply: Def.make(settings)... took 686.1928ms
[debug]       Load.apply: structureIndex took 86.8026ms
[debug]       Load.apply: mkStreams took 0.0043ms
[info] loading project definition from C:\Users\isv4\Documents\24-25\ECE 557\cs557-lab2\project
[debug] Running task... Cancel: Signal, check cycles: false, forcegc: true
[warn] Unrecognized repository Scala Plugin Bundled Repository, ignoring it
[warn] Unrecognized repository Scala Plugin Bundled Repository, ignoring it
[debug]     Load.loadUnit: plugins took 22008.3646ms
[debug]     Load.loadUnit: defsScala took 0.0054ms
[debug] [Loading] Scanning directory C:\Users\isv4\Documents\24-25\ECE 557\cs557-lab2
[debug]       Load.loadUnit: mkEval took 1.3156ms
[debug] [Loading] Found root project my_vector w/ remaining 
[debug] deducing auto plugins based on known facts Set(Atom(sbt.plugins.CorePlugin)) and clauses Clauses(Clause(Atom(sbt.plugins.JvmPlugin),Set(Atom(sbt.plugins.IvyPlugin)))
[debug] Clause(Atom(sbt.ScriptedPlugin),Set(Atom(sbt.plugins.JvmPlugin)))
[debug] Clause(Atom(sbt.plugins.SbtPlugin),Set(Atom(sbt.ScriptedPlugin)))
[debug] Clause(Atom(sbt.plugins.SemanticdbPlugin),Set(Atom(sbt.plugins.JvmPlugin)))
[debug] Clause(Atom(sbt.plugins.JUnitXmlReportPlugin),Set(Atom(sbt.plugins.JvmPlugin)))
[debug] Clause(Atom(sbt.plugins.MiniDependencyTreePlugin),Set(Atom(sbt.plugins.JvmPlugin)))
[debug] Clause(Atom(org.jetbrains.sbt.StructurePlugin),Set(Atom(sbt.plugins.JvmPlugin)))
[debug] Clause(Atom(org.jetbrains.sbt.IdeaShellPlugin),Set(Atom(sbt.plugins.JvmPlugin)))
[debug] Clause(Atom(org.jetbrains.sbt.indices.SbtIntellijIndicesPlugin),Set(Atom(sbt.plugins.JvmPlugin)))
[debug] Clause(Atom(sbt.plugins.CorePlugin),Set(Atom(sbt.plugins.IvyPlugin)))
[debug] Clause(Atom(sbt.plugins.IvyPlugin),Set(Atom(sbt.plugins.JvmPlugin)))
[debug] Clause(Atom(sbt.plugins.JvmPlugin),Set(Atom(sbt.plugins.SemanticdbPlugin)))
[debug] Clause(Atom(sbt.plugins.JvmPlugin),Set(Atom(sbt.plugins.JUnitXmlReportPlugin)))
[debug] Clause(Atom(sbt.plugins.CorePlugin),Set(Atom(sbt.plugins.Giter8TemplatePlugin)))
[debug] Clause(Atom(sbt.plugins.JvmPlugin),Set(Atom(sbt.plugins.MiniDependencyTreePlugin)))
[debug] Clause(Atom(sbt.plugins.JvmPlugin),Set(Atom(org.jetbrains.sbt.StructurePlugin)))
[debug] Clause(Atom(sbt.plugins.JvmPlugin),Set(Atom(org.jetbrains.sbt.IdeaShellPlugin)))
[debug] Clause(And(Set(Atom(sbt.plugins.CorePlugin), Atom(sbt.plugins.JvmPlugin))),Set(Atom(org.jetbrains.sbt.indices.SbtIntellijIndicesPlugin))))
[debug]   :: deduced result: Matched(sbt.plugins.CorePlugin,sbt.plugins.Giter8TemplatePlugin,sbt.plugins.IvyPlugin,sbt.plugins.JvmPlugin,sbt.plugins.SemanticdbPlugin,org.jetbrains.sbt.indices.SbtIntellijIndicesPlugin,sbt.plugins.JUnitXmlReportPlugin,org.jetbrains.sbt.IdeaShellPlugin,org.jetbrains.sbt.StructurePlugin,sbt.plugins.MiniDependencyTreePlugin)
[debug] Plugins.deducer#function took 18.9205 ms
[info] loading settings for project my_vector from build.sbt ...
[debug]         Load.resolveProject(my_vector) took 289.9812ms
[debug]       Load.loadTransitive: finalizeProject(Project(id my_vector, base: C:\Users\isv4\Documents\24-25\ECE 557\cs557-lab2, plugins: List(<none>))) took 319.5314ms
[debug] [Loading] Done in C:\Users\isv4\Documents\24-25\ECE 557\cs557-lab2, returning: (my_vector)
[debug]     Load.loadUnit: loadedProjectsRaw took 9101.8704ms
[debug]     Load.loadUnit: cleanEvalClasses took 99.1411ms
[debug]   Load.loadUnit(file:/C:/Users/isv4/Documents/24-25/ECE%20557/cs557-lab2/, ...) took 31214.7327ms
[debug] Load.apply: load took 31219.8376ms
[debug] Load.apply: resolveProjects took 0.3278ms
[debug] Load.apply: finalTransforms took 163.0802ms
[debug] Load.apply: config.delegates took 0.6823ms
[debug] Load.apply: Def.make(settings)... took 336.9468ms
[debug] Load.apply: structureIndex took 60.8953ms
[debug] Load.apply: mkStreams took 0.0052ms
[info] set current project to prose (in build file:/C:/Users/isv4/Documents/24-25/ECE%20557/cs557-lab2/)
[debug] > Exec(sbtPopOnFailure, None, None)
[debug] > Exec(resumeFromFailure, None, None)
[debug] > Exec(notifyUsersAboutShell, None, None)
[debug] > Exec(iflast shell, None, None)
[debug] > Exec(; set ideaPort in Global := 61783 ; idea-shell, None, None)
[debug] > Exec(set ideaPort in Global := 61783, None, None)
[info] Defining Global / ideaPort
[info] The new value will be used by Compile / compile, Test / compile
[debug] Defining 
[debug] 	Global / ideaPort
[debug] 
[debug] The new value will be used by 
[debug] 	Compile / compile
[debug] 	Test / compile
[info] Reapplying settings...
[info] set current project to prose (in build file:/C:/Users/isv4/Documents/24-25/ECE%20557/cs557-lab2/)
[debug] > Exec(idea-shell, None, None)
